<?xml version="1.0" encoding="UTF-8"?>
<testng-results ignored="0" total="1" passed="1" failed="0" skipped="0">
  <reporter-output>
  </reporter-output>
  <suite started-at="2023-09-04T18:15:42 IST" name="Suite" finished-at="2023-09-04T18:15:47 IST" duration-ms="5082">
    <groups>
    </groups>
    <test started-at="2023-09-04T18:15:42 IST" name="Test" finished-at="2023-09-04T18:15:47 IST" duration-ms="5082">
      <class name="com.qa.testscripts.TC_Scenario_002">
        <test-method is-config="true" signature="setUp(java.lang.String)[pri:0, instance:com.qa.testscripts.TC_Scenario_002@33065d67]" started-at="2023-09-04T18:15:27 IST" name="setUp" finished-at="2023-09-04T18:15:42 IST" duration-ms="14622" status="PASS">
          <params>
            <param index="0">
              <value>
                <![CDATA[https://www.flipkart.com/]]>
              </value>
            </param>
          </params>
          <reporter-output>
          </reporter-output>
        </test-method> <!-- setUp -->
        <test-method signature="Scenario2()[pri:0, instance:com.qa.testscripts.TC_Scenario_002@33065d67]" started-at="2023-09-04T18:15:42 IST" name="Scenario2" finished-at="2023-09-04T18:15:47 IST" duration-ms="4885" status="PASS">
          <reporter-output>
          </reporter-output>
        </test-method> <!-- Scenario2 -->
        <test-method is-config="true" signature="tearDown()[pri:0, instance:com.qa.testscripts.TC_Scenario_002@33065d67]" started-at="2023-09-04T18:15:47 IST" name="tearDown" finished-at="2023-09-04T18:15:48 IST" duration-ms="874" status="PASS">
          <reporter-output>
          </reporter-output>
        </test-method> <!-- tearDown -->
      </class> <!-- com.qa.testscripts.TC_Scenario_002 -->
    </test> <!-- Test -->
  </suite> <!-- Suite -->
</testng-results>
